2023-06-08 11:01:27,423 INFO o.a.j.u.JMeterUtils: Setting Locale to en_EN
2023-06-08 11:01:27,458 INFO o.a.j.JMeter: Loading user properties from: C:\Program Files\apache-jmeter-5.5\bin\user.properties
2023-06-08 11:01:27,459 INFO o.a.j.JMeter: Loading system properties from: C:\Program Files\apache-jmeter-5.5\bin\system.properties
2023-06-08 11:01:27,471 INFO o.a.j.JMeter: Copyright (c) 1998-2022 The Apache Software Foundation
2023-06-08 11:01:27,471 INFO o.a.j.JMeter: Version 5.5
2023-06-08 11:01:27,471 INFO o.a.j.JMeter: java.version=20.0.1
2023-06-08 11:01:27,471 INFO o.a.j.JMeter: java.vm.name=Java HotSpot(TM) 64-Bit Server VM
2023-06-08 11:01:27,472 INFO o.a.j.JMeter: os.name=Windows 10
2023-06-08 11:01:27,472 INFO o.a.j.JMeter: os.arch=amd64
2023-06-08 11:01:27,472 INFO o.a.j.JMeter: os.version=10.0
2023-06-08 11:01:27,472 INFO o.a.j.JMeter: file.encoding=UTF-8
2023-06-08 11:01:27,472 INFO o.a.j.JMeter: java.awt.headless=true
2023-06-08 11:01:27,472 INFO o.a.j.JMeter: Max memory     =1073741824
2023-06-08 11:01:27,473 INFO o.a.j.JMeter: Available Processors =4
2023-06-08 11:01:27,490 INFO o.a.j.JMeter: Default Locale=English (EN)
2023-06-08 11:01:27,491 INFO o.a.j.JMeter: JMeter  Locale=English (EN)
2023-06-08 11:01:27,491 INFO o.a.j.JMeter: JMeterHome=C:\Program Files\apache-jmeter-5.5
2023-06-08 11:01:27,491 INFO o.a.j.JMeter: user.dir  =C:\Users\Soumick\Desktop\cv\assesment
2023-06-08 11:01:27,492 INFO o.a.j.JMeter: PWD       =C:\Users\Soumick\Desktop\cv\assesment
2023-06-08 11:01:32,009 INFO o.a.j.JMeter: IP: 192.168.137.1 Name: DESKTOP-93NIJVK FullName: DESKTOP-93NIJVK
2023-06-08 11:01:32,044 INFO o.a.j.JMeter: Setting property 'jmeter.reportgenerator.outputdir' to:'C:\Users\Soumick\Desktop\cv\assesment\html'
2023-06-08 11:01:32,053 INFO o.a.j.r.d.ReportGenerator: ReportGenerator will use for Parsing the separator: ','
2023-06-08 11:01:32,054 INFO o.a.j.r.d.ReportGenerator: Will only generate report from results file: C:\Users\Soumick\Desktop\cv\assesment\result.csv
2023-06-08 11:01:32,054 INFO o.a.j.r.d.ReportGenerator: Reading report generator properties from: C:\Program Files\apache-jmeter-5.5\bin\reportgenerator.properties
2023-06-08 11:01:32,057 INFO o.a.j.r.d.ReportGenerator: Merging with JMeter properties
2023-06-08 11:01:32,066 INFO o.a.j.r.c.ReportGeneratorConfiguration: Property 'jmeter.reportgenerator.temp_dir' not found, using default value 'temp' instead.
2023-06-08 11:01:32,072 INFO o.a.j.r.c.ReportGeneratorConfiguration: Property 'jmeter.reportgenerator.apdex_per_transaction' not found, using default value 'null' instead.
2023-06-08 11:01:32,081 INFO o.a.j.r.c.ReportGeneratorConfiguration: apdex_per_transaction is empty, not APDEX per transaction customization
2023-06-08 11:01:32,082 INFO o.a.j.r.c.ReportGeneratorConfiguration: Property 'jmeter.reportgenerator.sample_filter' not found, using default value 'null' instead.
2023-06-08 11:01:32,082 INFO o.a.j.r.c.ReportGeneratorConfiguration: Property 'jmeter.reportgenerator.report_title' not found, using default value 'null' instead.
2023-06-08 11:01:32,082 INFO o.a.j.r.c.ReportGeneratorConfiguration: Property 'jmeter.reportgenerator.start_date' not found, using default value 'null' instead.
2023-06-08 11:01:32,082 INFO o.a.j.r.c.ReportGeneratorConfiguration: Property 'jmeter.reportgenerator.end_date' not found, using default value 'null' instead.
2023-06-08 11:01:32,082 INFO o.a.j.r.c.ReportGeneratorConfiguration: Property 'jmeter.reportgenerator.date_format' not found, using default value 'null' instead.
2023-06-08 11:01:32,088 INFO o.a.j.r.c.ReportGeneratorConfiguration: Will use date range start date: null, end date: null
2023-06-08 11:01:32,096 INFO o.a.j.r.c.ReportGeneratorConfiguration: Property 'jmeter.reportgenerator.graph.totalTPS.exclude_controllers' not found, using default value 'false' instead.
2023-06-08 11:01:32,096 INFO o.a.j.r.c.ReportGeneratorConfiguration: Property 'jmeter.reportgenerator.graph.activeThreadsOverTime.exclude_controllers' not found, using default value 'false' instead.
2023-06-08 11:01:32,096 INFO o.a.j.r.c.ReportGeneratorConfiguration: Property 'jmeter.reportgenerator.graph.timeVsThreads.exclude_controllers' not found, using default value 'false' instead.
2023-06-08 11:01:32,097 INFO o.a.j.r.c.ReportGeneratorConfiguration: Property 'jmeter.reportgenerator.graph.responseTimeDistribution.exclude_controllers' not found, using default value 'false' instead.
2023-06-08 11:01:32,097 INFO o.a.j.r.c.ReportGeneratorConfiguration: Property 'jmeter.reportgenerator.graph.transactionsPerSecond.exclude_controllers' not found, using default value 'false' instead.
2023-06-08 11:01:32,097 INFO o.a.j.r.c.ReportGeneratorConfiguration: Property 'jmeter.reportgenerator.graph.responseTimePercentiles.exclude_controllers' not found, using default value 'false' instead.
2023-06-08 11:01:32,097 INFO o.a.j.r.c.ReportGeneratorConfiguration: Property 'jmeter.reportgenerator.graph.responseTimePercentilesOverTime.exclude_controllers' not found, using default value 'false' instead.
2023-06-08 11:01:32,097 INFO o.a.j.r.c.ReportGeneratorConfiguration: Property 'jmeter.reportgenerator.graph.responseTimesOverTime.exclude_controllers' not found, using default value 'false' instead.
2023-06-08 11:01:32,098 INFO o.a.j.r.c.ReportGeneratorConfiguration: Property 'jmeter.reportgenerator.graph.connectTimeOverTime.exclude_controllers' not found, using default value 'false' instead.
2023-06-08 11:01:32,098 INFO o.a.j.r.c.ReportGeneratorConfiguration: Property 'jmeter.reportgenerator.graph.latenciesOverTime.exclude_controllers' not found, using default value 'false' instead.
2023-06-08 11:01:32,099 INFO o.a.j.r.c.ReportGeneratorConfiguration: Property 'jmeter.reportgenerator.exporter.json.filters_only_sample_series' not found, using default value 'true' instead.
2023-06-08 11:01:32,099 INFO o.a.j.r.c.ReportGeneratorConfiguration: Property 'jmeter.reportgenerator.exporter.json.series_filter' not found, using default value '' instead.
2023-06-08 11:01:32,099 INFO o.a.j.r.c.ReportGeneratorConfiguration: Property 'jmeter.reportgenerator.exporter.json.show_controllers_only' not found, using default value 'false' instead.
2023-06-08 11:01:32,100 INFO o.a.j.r.c.ReportGeneratorConfiguration: Property 'jmeter.reportgenerator.exporter.html.filters_only_sample_series' not found, using default value 'true' instead.
2023-06-08 11:01:32,100 INFO o.a.j.r.c.ReportGeneratorConfiguration: Property 'jmeter.reportgenerator.exporter.html.series_filter' not found, using default value '' instead.
2023-06-08 11:01:32,100 INFO o.a.j.r.c.ReportGeneratorConfiguration: Property 'jmeter.reportgenerator.exporter.html.show_controllers_only' not found, using default value 'false' instead.
2023-06-08 11:01:32,469 INFO o.a.j.s.SaveService: Testplan (JMX) version: 2.2. Testlog (JTL) version: 2.2
2023-06-08 11:01:32,508 INFO o.a.j.s.SaveService: Using SaveService properties version 5.0
2023-06-08 11:01:32,513 INFO o.a.j.s.SaveService: Using SaveService properties file encoding UTF-8
2023-06-08 11:01:32,546 INFO o.a.j.r.p.NormalizerSampleConsumer: Using format, 'ms', to parse timeStamp field
2023-06-08 11:01:32,792 INFO o.a.j.r.p.AbstractSampleConsumer: class org.apache.jmeter.report.processor.AggregateConsumer#stopProducing(): beginDate produced 0 samples
2023-06-08 11:01:32,793 INFO o.a.j.r.p.AbstractSampleConsumer: class org.apache.jmeter.report.processor.AggregateConsumer#stopProducing(): endDate produced 0 samples
2023-06-08 11:01:32,797 INFO o.a.j.r.p.AbstractSampleConsumer: class org.apache.jmeter.report.processor.ApdexSummaryConsumer#stopProducing(): apdexSummary produced 0 samples
2023-06-08 11:01:32,797 INFO o.a.j.r.p.AbstractSampleConsumer: class org.apache.jmeter.report.processor.RequestsSummaryConsumer#stopProducing(): requestsSummary produced 0 samples
2023-06-08 11:01:32,804 INFO o.a.j.r.p.AbstractSampleConsumer: class org.apache.jmeter.report.processor.StatisticsSummaryConsumer#stopProducing(): statisticsSummary produced 0 samples
2023-06-08 11:01:32,806 INFO o.a.j.r.p.AbstractSampleConsumer: class org.apache.jmeter.report.processor.Top5ErrorsBySamplerConsumer#stopProducing(): top5ErrorsBySampler produced 0 samples
2023-06-08 11:01:32,807 INFO o.a.j.r.p.AbstractSampleConsumer: class org.apache.jmeter.report.processor.ErrorsSummaryConsumer#stopProducing(): errorsSummary produced 0 samples
2023-06-08 11:01:32,807 INFO o.a.j.r.p.AbstractSampleConsumer: class org.apache.jmeter.report.processor.graph.impl.HitsPerSecondGraphConsumer#stopProducing(): hitsPerSecond produced 0 samples
2023-06-08 11:01:32,829 INFO o.a.j.r.p.AbstractSampleConsumer: class org.apache.jmeter.report.processor.graph.impl.LatencyVSRequestGraphConsumer#stopProducing(): latencyVsRequest produced 0 samples
2023-06-08 11:01:32,830 INFO o.a.j.r.p.AbstractSampleConsumer: class org.apache.jmeter.report.processor.graph.impl.SyntheticResponseTimeDistributionGraphConsumer#stopProducing(): syntheticResponseTimeDistribution produced 0 samples
2023-06-08 11:01:32,831 INFO o.a.j.r.p.AbstractSampleConsumer: class org.apache.jmeter.report.processor.graph.impl.BytesThroughputGraphConsumer#stopProducing(): bytesThroughputOverTime produced 0 samples
2023-06-08 11:01:32,831 INFO o.a.j.r.p.AbstractSampleConsumer: class org.apache.jmeter.report.processor.graph.impl.CodesPerSecondGraphConsumer#stopProducing(): codesPerSecond produced 0 samples
2023-06-08 11:01:32,841 INFO o.a.j.r.p.AbstractSampleConsumer: class org.apache.jmeter.report.processor.graph.impl.ResponseTimeVSRequestGraphConsumer#stopProducing(): responseTimeVsRequest produced 0 samples
2023-06-08 11:01:32,841 INFO o.a.j.r.p.AbstractSampleConsumer: class org.apache.jmeter.report.processor.FilterConsumer#stopProducing(): startIntervalControlerFilter produced 581 samples
2023-06-08 11:01:32,842 INFO o.a.j.r.p.AbstractSampleConsumer: class org.apache.jmeter.report.processor.graph.impl.TotalTPSGraphConsumer#stopProducing(): totalTPS produced 0 samples
2023-06-08 11:01:32,842 INFO o.a.j.r.p.AbstractSampleConsumer: class org.apache.jmeter.report.processor.graph.impl.ActiveThreadsGraphConsumer#stopProducing(): activeThreadsOverTime produced 0 samples
2023-06-08 11:01:32,843 INFO o.a.j.r.p.AbstractSampleConsumer: class org.apache.jmeter.report.processor.graph.impl.TimeVSThreadGraphConsumer#stopProducing(): timeVsThreads produced 0 samples
2023-06-08 11:01:32,843 INFO o.a.j.r.p.AbstractSampleConsumer: class org.apache.jmeter.report.processor.graph.impl.ResponseTimeDistributionGraphConsumer#stopProducing(): responseTimeDistribution produced 0 samples
2023-06-08 11:01:32,844 INFO o.a.j.r.p.AbstractSampleConsumer: class org.apache.jmeter.report.processor.graph.impl.TransactionsPerSecondGraphConsumer#stopProducing(): transactionsPerSecond produced 0 samples
2023-06-08 11:01:32,844 INFO o.a.j.r.p.AbstractSampleConsumer: class org.apache.jmeter.report.processor.graph.impl.ResponseTimePercentilesGraphConsumer#stopProducing(): responseTimePercentiles produced 0 samples
2023-06-08 11:01:32,845 INFO o.a.j.r.p.AbstractSampleConsumer: class org.apache.jmeter.report.processor.graph.impl.ResponseTimePercentilesOverTimeGraphConsumer#stopProducing(): responseTimePercentilesOverTime produced 0 samples
2023-06-08 11:01:32,845 INFO o.a.j.r.p.AbstractSampleConsumer: class org.apache.jmeter.report.processor.graph.impl.ResponseTimeOverTimeGraphConsumer#stopProducing(): responseTimesOverTime produced 0 samples
2023-06-08 11:01:32,846 INFO o.a.j.r.p.AbstractSampleConsumer: class org.apache.jmeter.report.processor.graph.impl.ConnectTimeOverTimeGraphConsumer#stopProducing(): connectTimeOverTime produced 0 samples
2023-06-08 11:01:32,846 INFO o.a.j.r.p.AbstractSampleConsumer: class org.apache.jmeter.report.processor.graph.impl.LatencyOverTimeGraphConsumer#stopProducing(): latenciesOverTime produced 0 samples
2023-06-08 11:01:32,846 INFO o.a.j.r.p.AbstractSampleConsumer: class org.apache.jmeter.report.processor.FilterConsumer#stopProducing(): nameFilter produced 1245 samples
2023-06-08 11:01:32,846 INFO o.a.j.r.p.AbstractSampleConsumer: class org.apache.jmeter.report.processor.FilterConsumer#stopProducing(): dateRangeFilter produced 249 samples
2023-06-08 11:01:32,846 INFO o.a.j.r.p.AbstractSampleConsumer: class org.apache.jmeter.report.processor.NormalizerSampleConsumer#stopProducing(): normalizer produced 83 samples
2023-06-08 11:01:32,847 INFO o.a.j.r.p.CsvFileSampleSource: produce(): 83 samples produced in 257ms on channel 0
2023-06-08 11:01:32,847 INFO o.a.j.r.d.ReportGenerator: Exporting data using exporter:'json' of className:'org.apache.jmeter.report.dashboard.JsonExporter'
2023-06-08 11:01:33,005 INFO o.a.j.r.d.JsonExporter: Found data for consumer statisticsSummary in context
2023-06-08 11:01:33,005 INFO o.a.j.r.d.JsonExporter: Creating statistics for overall
2023-06-08 11:01:33,006 INFO o.a.j.r.d.JsonExporter: Creating statistics for other transactions
2023-06-08 11:01:33,007 INFO o.a.j.r.d.JsonExporter: Checking output folder
2023-06-08 11:01:33,007 INFO o.a.j.r.d.JsonExporter: Writing statistics JSON to C:\Users\Soumick\Desktop\cv\assesment\html\statistics.json
2023-06-08 11:01:33,065 INFO o.a.j.r.d.ReportGenerator: Exporting data using exporter:'html' of className:'org.apache.jmeter.report.dashboard.HtmlTemplateExporter'
2023-06-08 11:01:33,069 INFO o.a.j.r.d.HtmlTemplateExporter: Will generate dashboard in folder: C:\Users\Soumick\Desktop\cv\assesment\html
2023-06-08 11:01:33,320 INFO o.a.j.r.d.HtmlTemplateExporter: Report will be generated in: C:\Users\Soumick\Desktop\cv\assesment\html, creating folder structure
2023-06-08 11:01:33,325 INFO o.a.j.r.d.TemplateVisitor: Copying folder from 'C:\Program Files\apache-jmeter-5.5\bin\report-template' to 'C:\Users\Soumick\Desktop\cv\assesment\html', got message: C:\Users\Soumick\Desktop\cv\assesment\html, found non empty folder with following content [C:\Users\Soumick\Desktop\cv\assesment\html\statistics.json], will be ignored
